2017-02-03 21:36:05, Info: Initializing SIMPLSharp Services...
2017-02-03 21:36:05, Info: ProjectInfo successfully initialized.
2017-02-03 21:42:45, Info: Validating assembly C:\Users\raphael.thiffault\Downloads\Crestron-Pushbullet-master\CS\Pushbullet\bin\Pushbullet.dll...
2017-02-03 21:42:46, Info: Verifying assembly C:\Users\raphael.thiffault\Downloads\Crestron-Pushbullet-master\CS\Pushbullet\bin\Pushbullet.dll
2017-02-03 21:42:46, Info: Creating Archive C:\Users\raphael.thiffault\Downloads\Crestron-Pushbullet-master\CS\Pushbullet\bin\Pushbullet.clz...
2017-02-03 21:42:46, Info: Saving project information...
2017-02-03 22:57:38, Info: Validating assembly C:\Users\raphael.thiffault\Downloads\Crestron-Pushbullet-master\CS\Pushbullet\bin\Pushbullet.dll...
2017-02-03 22:57:38, Info: Verifying assembly C:\Users\raphael.thiffault\Downloads\Crestron-Pushbullet-master\CS\Pushbullet\bin\Pushbullet.dll
2017-02-03 22:57:38, Info: Creating Archive C:\Users\raphael.thiffault\Downloads\Crestron-Pushbullet-master\CS\Pushbullet\bin\Pushbullet.clz...
2017-02-03 22:57:38, Info: Saving project information...
2017-02-03 23:02:10, Info: Validating assembly C:\Users\raphael.thiffault\Downloads\Crestron-Pushbullet-master\CS\Pushbullet\bin\Pushbullet.dll...
2017-02-03 23:02:10, Info: Verifying assembly C:\Users\raphael.thiffault\Downloads\Crestron-Pushbullet-master\CS\Pushbullet\bin\Pushbullet.dll
2017-02-03 23:02:10, Info: Creating Archive C:\Users\raphael.thiffault\Downloads\Crestron-Pushbullet-master\CS\Pushbullet\bin\Pushbullet.clz...
2017-02-03 23:02:10, Info: Saving project information...
2017-02-03 23:05:07, Info: Validating assembly C:\Users\raphael.thiffault\Downloads\Crestron-Pushbullet-master\CS\Pushbullet\bin\Pushbullet.dll...
2017-02-03 23:05:07, Info: Verifying assembly C:\Users\raphael.thiffault\Downloads\Crestron-Pushbullet-master\CS\Pushbullet\bin\Pushbullet.dll
2017-02-03 23:05:08, Info: Creating Archive C:\Users\raphael.thiffault\Downloads\Crestron-Pushbullet-master\CS\Pushbullet\bin\Pushbullet.clz...
2017-02-03 23:05:08, Info: Saving project information...
2017-02-03 23:22:53, Info: Validating assembly C:\Users\raphael.thiffault\Downloads\Crestron-Pushbullet-master\CS\Pushbullet\bin\Pushbullet.dll...
2017-02-03 23:22:53, Info: Verifying assembly C:\Users\raphael.thiffault\Downloads\Crestron-Pushbullet-master\CS\Pushbullet\bin\Pushbullet.dll
2017-02-03 23:22:53, Info: Creating Archive C:\Users\raphael.thiffault\Downloads\Crestron-Pushbullet-master\CS\Pushbullet\bin\Pushbullet.clz...
2017-02-03 23:22:53, Info: Saving project information...
2017-02-03 23:31:21, Info: Validating assembly C:\Users\raphael.thiffault\Downloads\Crestron-Pushbullet-master\CS\Pushbullet\bin\Pushbullet.dll...
2017-02-03 23:31:21, Info: Verifying assembly C:\Users\raphael.thiffault\Downloads\Crestron-Pushbullet-master\CS\Pushbullet\bin\Pushbullet.dll
2017-02-03 23:31:21, Info: Creating Archive C:\Users\raphael.thiffault\Downloads\Crestron-Pushbullet-master\CS\Pushbullet\bin\Pushbullet.clz...
2017-02-03 23:31:22, Info: Saving project information...
2017-02-03 23:35:11, Info: Validating assembly C:\Users\raphael.thiffault\Downloads\Crestron-Pushbullet-master\CS\Pushbullet\bin\Pushbullet.dll...
2017-02-03 23:35:11, Info: Verifying assembly C:\Users\raphael.thiffault\Downloads\Crestron-Pushbullet-master\CS\Pushbullet\bin\Pushbullet.dll
2017-02-03 23:35:11, Info: Creating Archive C:\Users\raphael.thiffault\Downloads\Crestron-Pushbullet-master\CS\Pushbullet\bin\Pushbullet.clz...
2017-02-03 23:35:11, Info: Saving project information...
2017-02-03 23:48:51, Info: Validating assembly C:\Users\raphael.thiffault\Downloads\Crestron-Pushbullet-master\CS\Pushbullet\bin\Pushbullet.dll...
2017-02-03 23:48:51, Info: Verifying assembly C:\Users\raphael.thiffault\Downloads\Crestron-Pushbullet-master\CS\Pushbullet\bin\Pushbullet.dll
2017-02-03 23:48:51, Info: Creating Archive C:\Users\raphael.thiffault\Downloads\Crestron-Pushbullet-master\CS\Pushbullet\bin\Pushbullet.clz...
2017-02-03 23:48:51, Info: Saving project information...
2017-02-04 00:33:51, Info: Validating assembly C:\Users\raphael.thiffault\Downloads\Crestron-Pushbullet-master\CS\Pushbullet\bin\Pushbullet.dll...
2017-02-04 00:33:51, Info: Verifying assembly C:\Users\raphael.thiffault\Downloads\Crestron-Pushbullet-master\CS\Pushbullet\bin\Pushbullet.dll
2017-02-04 00:33:52, Info: Creating Archive C:\Users\raphael.thiffault\Downloads\Crestron-Pushbullet-master\CS\Pushbullet\bin\Pushbullet.clz...
2017-02-04 00:33:52, Info: Saving project information...
2017-02-04 00:37:53, Info: Validating assembly C:\Users\raphael.thiffault\Downloads\Crestron-Pushbullet-master\CS\Pushbullet\bin\Pushbullet.dll...
2017-02-04 00:37:53, Info: Verifying assembly C:\Users\raphael.thiffault\Downloads\Crestron-Pushbullet-master\CS\Pushbullet\bin\Pushbullet.dll
2017-02-04 00:37:53, Info: Creating Archive C:\Users\raphael.thiffault\Downloads\Crestron-Pushbullet-master\CS\Pushbullet\bin\Pushbullet.clz...
2017-02-04 00:37:53, Info: Saving project information...
2017-02-04 00:43:44, Info: Validating assembly C:\Users\raphael.thiffault\Downloads\Crestron-Pushbullet-master\CS\Pushbullet\bin\Pushbullet.dll...
2017-02-04 00:43:44, Info: Verifying assembly C:\Users\raphael.thiffault\Downloads\Crestron-Pushbullet-master\CS\Pushbullet\bin\Pushbullet.dll
2017-02-04 00:43:44, Info: Creating Archive C:\Users\raphael.thiffault\Downloads\Crestron-Pushbullet-master\CS\Pushbullet\bin\Pushbullet.clz...
2017-02-04 00:43:45, Info: Saving project information...
2017-02-04 01:11:45, Info: Validating assembly C:\Users\raphael.thiffault\Downloads\Crestron-Pushbullet-master\CS\Pushbullet\bin\Pushbullet.dll...
2017-02-04 01:11:45, Info: Verifying assembly C:\Users\raphael.thiffault\Downloads\Crestron-Pushbullet-master\CS\Pushbullet\bin\Pushbullet.dll
2017-02-04 01:11:45, Info: Creating Archive C:\Users\raphael.thiffault\Downloads\Crestron-Pushbullet-master\CS\Pushbullet\bin\Pushbullet.clz...
2017-02-04 01:11:45, Info: Saving project information...
2017-02-04 01:12:15, Info: Terminating SIMPLSharp Services
