2017-01-12 19:32:21, Info: Initializing SIMPLSharp Services...
2017-01-12 19:32:22, Info: ProjectInfo successfully initialized.
2017-01-12 19:37:12, Info: Saving project information...
2017-01-12 19:37:12, Info: Saving project information...
2017-01-12 19:42:12, Info: Saving project information...
2017-01-12 19:42:12, Info: Saving project information...
2017-01-12 19:47:12, Info: Saving project information...
2017-01-12 19:47:12, Info: Saving project information...
2017-01-12 19:52:12, Info: Saving project information...
2017-01-12 19:52:12, Info: Saving project information...
2017-01-12 19:57:12, Info: Saving project information...
2017-01-12 19:57:12, Info: Saving project information...
2017-01-12 20:02:12, Info: Saving project information...
2017-01-12 20:02:12, Info: Saving project information...
2017-01-12 20:07:12, Info: Saving project information...
2017-01-12 20:07:12, Info: Saving project information...
2017-01-12 20:12:12, Info: Saving project information...
2017-01-12 20:12:12, Info: Saving project information...
2017-01-12 20:17:12, Info: Saving project information...
2017-01-12 20:17:12, Info: Saving project information...
2017-01-12 20:22:12, Info: Saving project information...
2017-01-12 20:22:12, Info: Saving project information...
2017-01-12 20:27:12, Info: Saving project information...
2017-01-12 20:27:12, Info: Saving project information...
2017-01-12 20:32:12, Info: Saving project information...
2017-01-12 20:32:12, Info: Saving project information...
2017-01-12 20:37:12, Info: Saving project information...
2017-01-12 20:37:12, Info: Saving project information...
2017-01-12 20:42:12, Info: Saving project information...
2017-01-12 20:42:12, Info: Saving project information...
2017-01-12 20:47:12, Info: Saving project information...
2017-01-12 20:47:12, Info: Saving project information...
2017-01-12 20:52:12, Info: Saving project information...
2017-01-12 20:52:12, Info: Saving project information...
2017-01-12 20:57:12, Info: Saving project information...
2017-01-12 20:57:12, Info: Saving project information...
2017-01-12 21:02:12, Info: Saving project information...
2017-01-12 21:02:12, Info: Saving project information...
2017-01-12 21:02:30, Info: Saving project information...
2017-01-12 21:02:30, Info: Saving project information...
2017-01-12 21:02:30, Info: Saving project information...
2017-01-12 21:02:30, Info: Saving project information...
2017-01-12 21:02:36, Info: Validating assembly C:\Users\raphael.thiffault\Downloads\Crestron-Pushbullet-master\CS\Pushbullet\bin\Pushbullet.dll...
2017-01-12 21:02:37, Info: Verifying assembly C:\Users\raphael.thiffault\Downloads\Crestron-Pushbullet-master\CS\Pushbullet\bin\Pushbullet.dll
2017-01-12 21:02:37, Info: Creating Archive C:\Users\raphael.thiffault\Downloads\Crestron-Pushbullet-master\CS\Pushbullet\bin\Pushbullet.clz...
2017-01-12 21:02:37, Info: Saving project information...
2017-01-12 21:26:15, Info: Validating assembly C:\Users\raphael.thiffault\Downloads\Crestron-Pushbullet-master\CS\Pushbullet\bin\Pushbullet.dll...
2017-01-12 21:26:15, Info: Verifying assembly C:\Users\raphael.thiffault\Downloads\Crestron-Pushbullet-master\CS\Pushbullet\bin\Pushbullet.dll
2017-01-12 21:26:15, Info: Creating Archive C:\Users\raphael.thiffault\Downloads\Crestron-Pushbullet-master\CS\Pushbullet\bin\Pushbullet.clz...
2017-01-12 21:26:15, Info: Saving project information...
2017-01-12 23:17:24, Info: Validating assembly C:\Users\raphael.thiffault\Downloads\Crestron-Pushbullet-master\CS\Pushbullet\bin\Pushbullet.dll...
2017-01-12 23:17:24, Info: Verifying assembly C:\Users\raphael.thiffault\Downloads\Crestron-Pushbullet-master\CS\Pushbullet\bin\Pushbullet.dll
2017-01-12 23:17:24, Info: Creating Archive C:\Users\raphael.thiffault\Downloads\Crestron-Pushbullet-master\CS\Pushbullet\bin\Pushbullet.clz...
2017-01-12 23:17:24, Info: Saving project information...
2017-01-12 23:20:34, Info: Validating assembly C:\Users\raphael.thiffault\Downloads\Crestron-Pushbullet-master\CS\Pushbullet\bin\Pushbullet.dll...
2017-01-12 23:20:34, Info: Verifying assembly C:\Users\raphael.thiffault\Downloads\Crestron-Pushbullet-master\CS\Pushbullet\bin\Pushbullet.dll
2017-01-12 23:20:34, Info: Creating Archive C:\Users\raphael.thiffault\Downloads\Crestron-Pushbullet-master\CS\Pushbullet\bin\Pushbullet.clz...
2017-01-12 23:20:34, Info: Saving project information...
2017-01-12 23:28:53, Info: Validating assembly C:\Users\raphael.thiffault\Downloads\Crestron-Pushbullet-master\CS\Pushbullet\bin\Pushbullet.dll...
2017-01-12 23:28:53, Info: Verifying assembly C:\Users\raphael.thiffault\Downloads\Crestron-Pushbullet-master\CS\Pushbullet\bin\Pushbullet.dll
2017-01-12 23:28:53, Info: Creating Archive C:\Users\raphael.thiffault\Downloads\Crestron-Pushbullet-master\CS\Pushbullet\bin\Pushbullet.clz...
2017-01-12 23:28:53, Info: Saving project information...
2017-01-12 23:50:33, Info: Validating assembly C:\Users\raphael.thiffault\Downloads\Crestron-Pushbullet-master\CS\Pushbullet\bin\Pushbullet.dll...
2017-01-12 23:50:33, Info: Verifying assembly C:\Users\raphael.thiffault\Downloads\Crestron-Pushbullet-master\CS\Pushbullet\bin\Pushbullet.dll
2017-01-12 23:50:33, Info: Creating Archive C:\Users\raphael.thiffault\Downloads\Crestron-Pushbullet-master\CS\Pushbullet\bin\Pushbullet.clz...
2017-01-12 23:50:33, Info: Saving project information...
2017-01-13 00:14:30, Info: Terminating SIMPLSharp Services
