2017-02-05 11:40:56, Info: Initializing SIMPLSharp Services...
2017-02-05 11:40:56, Info: ProjectInfo successfully initialized.
2017-02-05 11:44:31, Info: Saving project information...
2017-02-05 11:44:32, Info: Saving project information...
2017-02-05 11:44:32, Info: Saving project information...
2017-02-05 11:44:32, Info: Saving project information...
2017-02-05 11:55:13, Info: Validating assembly C:\Users\raphael.thiffault\Downloads\Crestron-Pushbullet-master\CS\Pushbullet\bin\Pushbullet.dll...
2017-02-05 11:55:13, Info: Verifying assembly C:\Users\raphael.thiffault\Downloads\Crestron-Pushbullet-master\CS\Pushbullet\bin\Pushbullet.dll
2017-02-05 11:55:14, Info: Creating Archive C:\Users\raphael.thiffault\Downloads\Crestron-Pushbullet-master\CS\Pushbullet\bin\Pushbullet.clz...
2017-02-05 11:55:14, Info: Saving project information...
2017-02-05 11:56:22, Info: Validating assembly C:\Users\raphael.thiffault\Downloads\Crestron-Pushbullet-master\CS\Pushbullet\bin\Pushbullet.dll...
2017-02-05 11:56:23, Info: Verifying assembly C:\Users\raphael.thiffault\Downloads\Crestron-Pushbullet-master\CS\Pushbullet\bin\Pushbullet.dll
2017-02-05 11:56:23, Info: Creating Archive C:\Users\raphael.thiffault\Downloads\Crestron-Pushbullet-master\CS\Pushbullet\bin\Pushbullet.clz...
2017-02-05 11:56:23, Info: Saving project information...
2017-02-05 12:10:04, Info: Validating assembly C:\Users\raphael.thiffault\Downloads\Crestron-Pushbullet-master\CS\Pushbullet\bin\Pushbullet.dll...
2017-02-05 12:10:04, Info: Verifying assembly C:\Users\raphael.thiffault\Downloads\Crestron-Pushbullet-master\CS\Pushbullet\bin\Pushbullet.dll
2017-02-05 12:10:04, Info: Creating Archive C:\Users\raphael.thiffault\Downloads\Crestron-Pushbullet-master\CS\Pushbullet\bin\Pushbullet.clz...
2017-02-05 12:10:05, Info: Saving project information...
2017-02-05 12:16:20, Info: Validating assembly C:\Users\raphael.thiffault\Downloads\Crestron-Pushbullet-master\CS\Pushbullet\bin\Pushbullet.dll...
2017-02-05 12:16:20, Info: Verifying assembly C:\Users\raphael.thiffault\Downloads\Crestron-Pushbullet-master\CS\Pushbullet\bin\Pushbullet.dll
2017-02-05 12:16:20, Info: Creating Archive C:\Users\raphael.thiffault\Downloads\Crestron-Pushbullet-master\CS\Pushbullet\bin\Pushbullet.clz...
2017-02-05 12:16:20, Info: Saving project information...
2017-02-05 12:17:51, Info: Validating assembly C:\Users\raphael.thiffault\Downloads\Crestron-Pushbullet-master\CS\Pushbullet\bin\Pushbullet.dll...
2017-02-05 12:17:51, Info: Verifying assembly C:\Users\raphael.thiffault\Downloads\Crestron-Pushbullet-master\CS\Pushbullet\bin\Pushbullet.dll
2017-02-05 12:17:51, Info: Creating Archive C:\Users\raphael.thiffault\Downloads\Crestron-Pushbullet-master\CS\Pushbullet\bin\Pushbullet.clz...
2017-02-05 12:17:51, Info: Saving project information...
2017-02-05 21:09:22, Info: Validating assembly C:\Users\raphael.thiffault\Downloads\Crestron-Pushbullet-master\CS\Pushbullet\bin\Pushbullet.dll...
2017-02-05 21:09:23, Info: Verifying assembly C:\Users\raphael.thiffault\Downloads\Crestron-Pushbullet-master\CS\Pushbullet\bin\Pushbullet.dll
2017-02-05 21:09:23, Info: Creating Archive C:\Users\raphael.thiffault\Downloads\Crestron-Pushbullet-master\CS\Pushbullet\bin\Pushbullet.clz...
2017-02-05 21:09:23, Info: Saving project information...
2017-02-05 21:16:50, Info: Validating assembly C:\Users\raphael.thiffault\Downloads\Crestron-Pushbullet-master\CS\Pushbullet\bin\Pushbullet.dll...
2017-02-05 21:16:50, Info: Verifying assembly C:\Users\raphael.thiffault\Downloads\Crestron-Pushbullet-master\CS\Pushbullet\bin\Pushbullet.dll
2017-02-05 21:16:50, Info: Creating Archive C:\Users\raphael.thiffault\Downloads\Crestron-Pushbullet-master\CS\Pushbullet\bin\Pushbullet.clz...
2017-02-05 21:16:50, Info: Saving project information...
2017-02-05 21:55:28, Info: Validating assembly C:\Users\raphael.thiffault\Downloads\Crestron-Pushbullet-master\CS\Pushbullet\bin\Pushbullet.dll...
2017-02-05 21:55:28, Info: Verifying assembly C:\Users\raphael.thiffault\Downloads\Crestron-Pushbullet-master\CS\Pushbullet\bin\Pushbullet.dll
2017-02-05 21:55:28, Info: Creating Archive C:\Users\raphael.thiffault\Downloads\Crestron-Pushbullet-master\CS\Pushbullet\bin\Pushbullet.clz...
2017-02-05 21:55:28, Info: Saving project information...
2017-02-05 22:16:50, Info: Validating assembly C:\Users\raphael.thiffault\Downloads\Crestron-Pushbullet-master\CS\Pushbullet\bin\Pushbullet.dll...
2017-02-05 22:16:50, Info: Verifying assembly C:\Users\raphael.thiffault\Downloads\Crestron-Pushbullet-master\CS\Pushbullet\bin\Pushbullet.dll
2017-02-05 22:16:50, Info: Creating Archive C:\Users\raphael.thiffault\Downloads\Crestron-Pushbullet-master\CS\Pushbullet\bin\Pushbullet.clz...
2017-02-05 22:16:50, Info: Saving project information...
2017-02-05 22:17:04, Info: Validating assembly C:\Users\raphael.thiffault\Downloads\Crestron-Pushbullet-master\CS\Pushbullet\bin\Pushbullet.dll...
2017-02-05 22:17:04, Info: Verifying assembly C:\Users\raphael.thiffault\Downloads\Crestron-Pushbullet-master\CS\Pushbullet\bin\Pushbullet.dll
2017-02-05 22:17:04, Info: Creating Archive C:\Users\raphael.thiffault\Downloads\Crestron-Pushbullet-master\CS\Pushbullet\bin\Pushbullet.clz...
2017-02-05 22:17:04, Info: Saving project information...
2017-02-05 22:21:45, Info: Validating assembly C:\Users\raphael.thiffault\Downloads\Crestron-Pushbullet-master\CS\Pushbullet\bin\Pushbullet.dll...
2017-02-05 22:21:45, Info: Verifying assembly C:\Users\raphael.thiffault\Downloads\Crestron-Pushbullet-master\CS\Pushbullet\bin\Pushbullet.dll
2017-02-05 22:21:45, Info: Creating Archive C:\Users\raphael.thiffault\Downloads\Crestron-Pushbullet-master\CS\Pushbullet\bin\Pushbullet.clz...
2017-02-05 22:21:46, Info: Saving project information...
2017-02-05 22:38:40, Info: Validating assembly C:\Users\raphael.thiffault\Downloads\Crestron-Pushbullet-master\CS\Pushbullet\bin\Pushbullet.dll...
2017-02-05 22:38:40, Info: Verifying assembly C:\Users\raphael.thiffault\Downloads\Crestron-Pushbullet-master\CS\Pushbullet\bin\Pushbullet.dll
2017-02-05 22:38:40, Info: Creating Archive C:\Users\raphael.thiffault\Downloads\Crestron-Pushbullet-master\CS\Pushbullet\bin\Pushbullet.clz...
2017-02-05 22:38:40, Info: Saving project information...
2017-02-05 22:52:20, Info: Validating assembly C:\Users\raphael.thiffault\Downloads\Crestron-Pushbullet-master\CS\Pushbullet\bin\Pushbullet.dll...
2017-02-05 22:52:20, Info: Verifying assembly C:\Users\raphael.thiffault\Downloads\Crestron-Pushbullet-master\CS\Pushbullet\bin\Pushbullet.dll
2017-02-05 22:52:20, Info: Creating Archive C:\Users\raphael.thiffault\Downloads\Crestron-Pushbullet-master\CS\Pushbullet\bin\Pushbullet.clz...
2017-02-05 22:52:20, Info: Saving project information...
2017-02-05 23:08:41, Info: Validating assembly C:\Users\raphael.thiffault\Downloads\Crestron-Pushbullet-master\CS\Pushbullet\bin\Pushbullet.dll...
2017-02-05 23:08:41, Info: Verifying assembly C:\Users\raphael.thiffault\Downloads\Crestron-Pushbullet-master\CS\Pushbullet\bin\Pushbullet.dll
2017-02-05 23:08:41, Info: Creating Archive C:\Users\raphael.thiffault\Downloads\Crestron-Pushbullet-master\CS\Pushbullet\bin\Pushbullet.clz...
2017-02-05 23:08:41, Info: Saving project information...
2017-02-05 23:13:05, Info: Validating assembly C:\Users\raphael.thiffault\Downloads\Crestron-Pushbullet-master\CS\Pushbullet\bin\Pushbullet.dll...
2017-02-05 23:13:05, Info: Verifying assembly C:\Users\raphael.thiffault\Downloads\Crestron-Pushbullet-master\CS\Pushbullet\bin\Pushbullet.dll
2017-02-05 23:13:05, Info: Creating Archive C:\Users\raphael.thiffault\Downloads\Crestron-Pushbullet-master\CS\Pushbullet\bin\Pushbullet.clz...
2017-02-05 23:13:05, Info: Saving project information...
2017-02-05 23:14:52, Info: Validating assembly C:\Users\raphael.thiffault\Downloads\Crestron-Pushbullet-master\CS\Pushbullet\bin\Pushbullet.dll...
2017-02-05 23:14:52, Info: Verifying assembly C:\Users\raphael.thiffault\Downloads\Crestron-Pushbullet-master\CS\Pushbullet\bin\Pushbullet.dll
2017-02-05 23:14:53, Info: Creating Archive C:\Users\raphael.thiffault\Downloads\Crestron-Pushbullet-master\CS\Pushbullet\bin\Pushbullet.clz...
2017-02-05 23:14:53, Info: Saving project information...
2017-02-05 23:16:07, Info: Validating assembly C:\Users\raphael.thiffault\Downloads\Crestron-Pushbullet-master\CS\Pushbullet\bin\Pushbullet.dll...
2017-02-05 23:16:07, Info: Verifying assembly C:\Users\raphael.thiffault\Downloads\Crestron-Pushbullet-master\CS\Pushbullet\bin\Pushbullet.dll
2017-02-05 23:16:08, Info: Creating Archive C:\Users\raphael.thiffault\Downloads\Crestron-Pushbullet-master\CS\Pushbullet\bin\Pushbullet.clz...
2017-02-05 23:16:08, Info: Saving project information...
2017-02-05 23:38:22, Info: Validating assembly C:\Users\raphael.thiffault\Downloads\Crestron-Pushbullet-master\CS\Pushbullet\bin\Pushbullet.dll...
2017-02-05 23:38:22, Info: Verifying assembly C:\Users\raphael.thiffault\Downloads\Crestron-Pushbullet-master\CS\Pushbullet\bin\Pushbullet.dll
2017-02-05 23:38:22, Info: Creating Archive C:\Users\raphael.thiffault\Downloads\Crestron-Pushbullet-master\CS\Pushbullet\bin\Pushbullet.clz...
2017-02-05 23:38:23, Info: Saving project information...
2017-02-05 23:52:47, Info: Validating assembly C:\Users\raphael.thiffault\Downloads\Crestron-Pushbullet-master\CS\Pushbullet\bin\Pushbullet.dll...
2017-02-05 23:52:47, Info: Verifying assembly C:\Users\raphael.thiffault\Downloads\Crestron-Pushbullet-master\CS\Pushbullet\bin\Pushbullet.dll
2017-02-05 23:52:47, Info: Creating Archive C:\Users\raphael.thiffault\Downloads\Crestron-Pushbullet-master\CS\Pushbullet\bin\Pushbullet.clz...
2017-02-05 23:52:47, Info: Saving project information...
2017-02-05 23:57:48, Info: Validating assembly C:\Users\raphael.thiffault\Downloads\Crestron-Pushbullet-master\CS\Pushbullet\bin\Pushbullet.dll...
2017-02-05 23:57:48, Info: Verifying assembly C:\Users\raphael.thiffault\Downloads\Crestron-Pushbullet-master\CS\Pushbullet\bin\Pushbullet.dll
2017-02-05 23:57:48, Info: Creating Archive C:\Users\raphael.thiffault\Downloads\Crestron-Pushbullet-master\CS\Pushbullet\bin\Pushbullet.clz...
2017-02-05 23:57:48, Info: Saving project information...
2017-02-06 00:20:15, Info: Validating assembly C:\Users\raphael.thiffault\Downloads\Crestron-Pushbullet-master\CS\Pushbullet\bin\Pushbullet.dll...
2017-02-06 00:20:15, Info: Verifying assembly C:\Users\raphael.thiffault\Downloads\Crestron-Pushbullet-master\CS\Pushbullet\bin\Pushbullet.dll
2017-02-06 00:20:15, Info: Creating Archive C:\Users\raphael.thiffault\Downloads\Crestron-Pushbullet-master\CS\Pushbullet\bin\Pushbullet.clz...
2017-02-06 00:20:15, Info: Saving project information...
2017-02-06 00:22:20, Info: Validating assembly C:\Users\raphael.thiffault\Downloads\Crestron-Pushbullet-master\CS\Pushbullet\bin\Pushbullet.dll...
2017-02-06 00:22:20, Info: Verifying assembly C:\Users\raphael.thiffault\Downloads\Crestron-Pushbullet-master\CS\Pushbullet\bin\Pushbullet.dll
2017-02-06 00:22:20, Info: Creating Archive C:\Users\raphael.thiffault\Downloads\Crestron-Pushbullet-master\CS\Pushbullet\bin\Pushbullet.clz...
2017-02-06 00:22:21, Info: Saving project information...
2017-02-06 00:31:55, Info: Validating assembly C:\Users\raphael.thiffault\Downloads\Crestron-Pushbullet-master\CS\Pushbullet\bin\Pushbullet.dll...
2017-02-06 00:31:55, Info: Verifying assembly C:\Users\raphael.thiffault\Downloads\Crestron-Pushbullet-master\CS\Pushbullet\bin\Pushbullet.dll
2017-02-06 00:31:55, Info: Creating Archive C:\Users\raphael.thiffault\Downloads\Crestron-Pushbullet-master\CS\Pushbullet\bin\Pushbullet.clz...
2017-02-06 00:31:56, Info: Saving project information...
2017-02-06 00:37:42, Info: Validating assembly C:\Users\raphael.thiffault\Downloads\Crestron-Pushbullet-master\CS\Pushbullet\bin\Pushbullet.dll...
2017-02-06 00:37:42, Info: Verifying assembly C:\Users\raphael.thiffault\Downloads\Crestron-Pushbullet-master\CS\Pushbullet\bin\Pushbullet.dll
2017-02-06 00:37:42, Info: Creating Archive C:\Users\raphael.thiffault\Downloads\Crestron-Pushbullet-master\CS\Pushbullet\bin\Pushbullet.clz...
2017-02-06 00:37:42, Info: Saving project information...
2017-02-06 00:39:23, Info: Validating assembly C:\Users\raphael.thiffault\Downloads\Crestron-Pushbullet-master\CS\Pushbullet\bin\Pushbullet.dll...
2017-02-06 00:39:23, Info: Verifying assembly C:\Users\raphael.thiffault\Downloads\Crestron-Pushbullet-master\CS\Pushbullet\bin\Pushbullet.dll
2017-02-06 00:39:23, Info: Creating Archive C:\Users\raphael.thiffault\Downloads\Crestron-Pushbullet-master\CS\Pushbullet\bin\Pushbullet.clz...
2017-02-06 00:39:23, Info: Saving project information...
2017-02-06 00:47:55, Info: Validating assembly C:\Users\raphael.thiffault\Downloads\Crestron-Pushbullet-master\CS\Pushbullet\bin\Pushbullet.dll...
2017-02-06 00:47:55, Info: Verifying assembly C:\Users\raphael.thiffault\Downloads\Crestron-Pushbullet-master\CS\Pushbullet\bin\Pushbullet.dll
2017-02-06 00:47:55, Info: Creating Archive C:\Users\raphael.thiffault\Downloads\Crestron-Pushbullet-master\CS\Pushbullet\bin\Pushbullet.clz...
2017-02-06 00:47:55, Info: Saving project information...
2017-02-06 00:49:56, Info: Validating assembly C:\Users\raphael.thiffault\Downloads\Crestron-Pushbullet-master\CS\Pushbullet\bin\Pushbullet.dll...
2017-02-06 00:49:56, Info: Verifying assembly C:\Users\raphael.thiffault\Downloads\Crestron-Pushbullet-master\CS\Pushbullet\bin\Pushbullet.dll
2017-02-06 00:49:56, Info: Creating Archive C:\Users\raphael.thiffault\Downloads\Crestron-Pushbullet-master\CS\Pushbullet\bin\Pushbullet.clz...
2017-02-06 00:49:57, Info: Saving project information...
2017-02-06 01:03:51, Info: Validating assembly C:\Users\raphael.thiffault\Downloads\Crestron-Pushbullet-master\CS\Pushbullet\bin\Pushbullet.dll...
2017-02-06 01:03:51, Info: Verifying assembly C:\Users\raphael.thiffault\Downloads\Crestron-Pushbullet-master\CS\Pushbullet\bin\Pushbullet.dll
2017-02-06 01:03:51, Info: Creating Archive C:\Users\raphael.thiffault\Downloads\Crestron-Pushbullet-master\CS\Pushbullet\bin\Pushbullet.clz...
2017-02-06 01:03:51, Info: Saving project information...
2017-02-06 01:07:04, Info: Validating assembly C:\Users\raphael.thiffault\Downloads\Crestron-Pushbullet-master\CS\Pushbullet\bin\Pushbullet.dll...
2017-02-06 01:07:04, Info: Verifying assembly C:\Users\raphael.thiffault\Downloads\Crestron-Pushbullet-master\CS\Pushbullet\bin\Pushbullet.dll
2017-02-06 01:07:04, Info: Creating Archive C:\Users\raphael.thiffault\Downloads\Crestron-Pushbullet-master\CS\Pushbullet\bin\Pushbullet.clz...
2017-02-06 01:07:04, Info: Saving project information...
2017-02-06 01:11:15, Info: Validating assembly C:\Users\raphael.thiffault\Downloads\Crestron-Pushbullet-master\CS\Pushbullet\bin\Pushbullet.dll...
2017-02-06 01:11:15, Info: Verifying assembly C:\Users\raphael.thiffault\Downloads\Crestron-Pushbullet-master\CS\Pushbullet\bin\Pushbullet.dll
2017-02-06 01:11:15, Info: Creating Archive C:\Users\raphael.thiffault\Downloads\Crestron-Pushbullet-master\CS\Pushbullet\bin\Pushbullet.clz...
2017-02-06 01:11:15, Info: Saving project information...
2017-02-06 01:26:53, Info: Validating assembly C:\Users\raphael.thiffault\Downloads\Crestron-Pushbullet-master\CS\Pushbullet\bin\Pushbullet.dll...
2017-02-06 01:26:54, Info: Verifying assembly C:\Users\raphael.thiffault\Downloads\Crestron-Pushbullet-master\CS\Pushbullet\bin\Pushbullet.dll
2017-02-06 01:26:54, Info: Creating Archive C:\Users\raphael.thiffault\Downloads\Crestron-Pushbullet-master\CS\Pushbullet\bin\Pushbullet.clz...
2017-02-06 01:26:54, Info: Saving project information...
2017-02-06 01:35:18, Info: Validating assembly C:\Users\raphael.thiffault\Downloads\Crestron-Pushbullet-master\CS\Pushbullet\bin\Pushbullet.dll...
2017-02-06 01:35:18, Info: Verifying assembly C:\Users\raphael.thiffault\Downloads\Crestron-Pushbullet-master\CS\Pushbullet\bin\Pushbullet.dll
2017-02-06 01:35:18, Info: Creating Archive C:\Users\raphael.thiffault\Downloads\Crestron-Pushbullet-master\CS\Pushbullet\bin\Pushbullet.clz...
2017-02-06 01:35:18, Info: Saving project information...
2017-02-06 01:35:52, Info: Validating assembly C:\Users\raphael.thiffault\Downloads\Crestron-Pushbullet-master\CS\Pushbullet\bin\Pushbullet.dll...
2017-02-06 01:35:53, Info: Verifying assembly C:\Users\raphael.thiffault\Downloads\Crestron-Pushbullet-master\CS\Pushbullet\bin\Pushbullet.dll
2017-02-06 01:35:53, Info: Creating Archive C:\Users\raphael.thiffault\Downloads\Crestron-Pushbullet-master\CS\Pushbullet\bin\Pushbullet.clz...
2017-02-06 01:35:53, Info: Saving project information...
2017-02-06 01:40:55, Info: Validating assembly C:\Users\raphael.thiffault\Downloads\Crestron-Pushbullet-master\CS\Pushbullet\bin\Pushbullet.dll...
2017-02-06 01:40:55, Info: Verifying assembly C:\Users\raphael.thiffault\Downloads\Crestron-Pushbullet-master\CS\Pushbullet\bin\Pushbullet.dll
2017-02-06 01:40:55, Info: Creating Archive C:\Users\raphael.thiffault\Downloads\Crestron-Pushbullet-master\CS\Pushbullet\bin\Pushbullet.clz...
2017-02-06 01:40:55, Info: Saving project information...
2017-02-06 01:55:35, Info: Validating assembly C:\Users\raphael.thiffault\Downloads\Crestron-Pushbullet-master\CS\Pushbullet\bin\Pushbullet.dll...
2017-02-06 01:55:35, Info: Verifying assembly C:\Users\raphael.thiffault\Downloads\Crestron-Pushbullet-master\CS\Pushbullet\bin\Pushbullet.dll
2017-02-06 01:55:35, Info: Creating Archive C:\Users\raphael.thiffault\Downloads\Crestron-Pushbullet-master\CS\Pushbullet\bin\Pushbullet.clz...
2017-02-06 01:55:35, Info: Saving project information...
2017-02-06 02:23:36, Info: Terminating SIMPLSharp Services
