2017-01-13 10:18:10, Info: Initializing SIMPLSharp Services...
2017-01-13 10:18:11, Info: ProjectInfo successfully initialized.
2017-01-13 13:44:41, Info: Validating assembly C:\Users\raphael.thiffault\Downloads\Crestron-Pushbullet-master\CS\Pushbullet\bin\Pushbullet.dll...
2017-01-13 13:44:41, Info: Verifying assembly C:\Users\raphael.thiffault\Downloads\Crestron-Pushbullet-master\CS\Pushbullet\bin\Pushbullet.dll
2017-01-13 13:44:42, Info: Creating Archive C:\Users\raphael.thiffault\Downloads\Crestron-Pushbullet-master\CS\Pushbullet\bin\Pushbullet.clz...
2017-01-13 13:44:42, Info: Saving project information...
2017-01-13 13:46:57, Info: Validating assembly C:\Users\raphael.thiffault\Downloads\Crestron-Pushbullet-master\CS\Pushbullet\bin\Pushbullet.dll...
2017-01-13 13:46:57, Info: Verifying assembly C:\Users\raphael.thiffault\Downloads\Crestron-Pushbullet-master\CS\Pushbullet\bin\Pushbullet.dll
2017-01-13 13:46:57, Info: Creating Archive C:\Users\raphael.thiffault\Downloads\Crestron-Pushbullet-master\CS\Pushbullet\bin\Pushbullet.clz...
2017-01-13 13:46:58, Info: Saving project information...
2017-01-13 13:55:53, Info: Validating assembly C:\Users\raphael.thiffault\Downloads\Crestron-Pushbullet-master\CS\Pushbullet\bin\Pushbullet.dll...
2017-01-13 13:55:53, Info: Verifying assembly C:\Users\raphael.thiffault\Downloads\Crestron-Pushbullet-master\CS\Pushbullet\bin\Pushbullet.dll
2017-01-13 13:55:53, Info: Creating Archive C:\Users\raphael.thiffault\Downloads\Crestron-Pushbullet-master\CS\Pushbullet\bin\Pushbullet.clz...
2017-01-13 13:55:53, Info: Saving project information...
2017-01-13 14:07:24, Info: Validating assembly C:\Users\raphael.thiffault\Downloads\Crestron-Pushbullet-master\CS\Pushbullet\bin\Pushbullet.dll...
2017-01-13 14:07:25, Info: Verifying assembly C:\Users\raphael.thiffault\Downloads\Crestron-Pushbullet-master\CS\Pushbullet\bin\Pushbullet.dll
2017-01-13 14:07:25, Info: Creating Archive C:\Users\raphael.thiffault\Downloads\Crestron-Pushbullet-master\CS\Pushbullet\bin\Pushbullet.clz...
2017-01-13 14:07:25, Info: Saving project information...
2017-01-13 14:18:46, Info: Validating assembly C:\Users\raphael.thiffault\Downloads\Crestron-Pushbullet-master\CS\Pushbullet\bin\Pushbullet.dll...
2017-01-13 14:18:46, Info: Verifying assembly C:\Users\raphael.thiffault\Downloads\Crestron-Pushbullet-master\CS\Pushbullet\bin\Pushbullet.dll
2017-01-13 14:18:46, Info: Creating Archive C:\Users\raphael.thiffault\Downloads\Crestron-Pushbullet-master\CS\Pushbullet\bin\Pushbullet.clz...
2017-01-13 14:18:46, Info: Saving project information...
2017-01-13 14:26:26, Info: Validating assembly C:\Users\raphael.thiffault\Downloads\Crestron-Pushbullet-master\CS\Pushbullet\bin\Pushbullet.dll...
2017-01-13 14:26:26, Info: Verifying assembly C:\Users\raphael.thiffault\Downloads\Crestron-Pushbullet-master\CS\Pushbullet\bin\Pushbullet.dll
2017-01-13 14:26:26, Info: Creating Archive C:\Users\raphael.thiffault\Downloads\Crestron-Pushbullet-master\CS\Pushbullet\bin\Pushbullet.clz...
2017-01-13 14:26:27, Info: Saving project information...
2017-01-13 15:36:15, Info: Validating assembly C:\Users\raphael.thiffault\Downloads\Crestron-Pushbullet-master\CS\Pushbullet\bin\Pushbullet.dll...
2017-01-13 15:36:15, Info: Verifying assembly C:\Users\raphael.thiffault\Downloads\Crestron-Pushbullet-master\CS\Pushbullet\bin\Pushbullet.dll
2017-01-13 15:36:15, Info: Creating Archive C:\Users\raphael.thiffault\Downloads\Crestron-Pushbullet-master\CS\Pushbullet\bin\Pushbullet.clz...
2017-01-13 15:36:16, Info: Saving project information...
2017-01-13 15:38:11, Info: Validating assembly C:\Users\raphael.thiffault\Downloads\Crestron-Pushbullet-master\CS\Pushbullet\bin\Pushbullet.dll...
2017-01-13 15:38:11, Info: Verifying assembly C:\Users\raphael.thiffault\Downloads\Crestron-Pushbullet-master\CS\Pushbullet\bin\Pushbullet.dll
2017-01-13 15:38:11, Info: Creating Archive C:\Users\raphael.thiffault\Downloads\Crestron-Pushbullet-master\CS\Pushbullet\bin\Pushbullet.clz...
2017-01-13 15:38:12, Info: Saving project information...
2017-01-13 15:51:41, Info: Validating assembly C:\Users\raphael.thiffault\Downloads\Crestron-Pushbullet-master\CS\Pushbullet\bin\Pushbullet.dll...
2017-01-13 15:51:42, Info: Verifying assembly C:\Users\raphael.thiffault\Downloads\Crestron-Pushbullet-master\CS\Pushbullet\bin\Pushbullet.dll
2017-01-13 15:51:42, Info: Creating Archive C:\Users\raphael.thiffault\Downloads\Crestron-Pushbullet-master\CS\Pushbullet\bin\Pushbullet.clz...
2017-01-13 15:51:42, Info: Saving project information...
2017-01-13 16:02:09, Info: Terminating SIMPLSharp Services
